The system is: Linux - 3.0.101-0.40-default - x86_64
Compiling the C compiler identification source file "CMakeCCompilerId.c" succeeded.
Compiler: /lrz/sys/compilers/gcc/5.1.0/bin/gcc 
Build flags: 
Id flags: 

The output was:
0


Compilation of the C compiler identification source "CMakeCCompilerId.c" produced "a.out"

The C compiler identification is GNU, found in "/home/ga78ced/student_project/build/CMakeFiles/3.2.3/CompilerIdC/a.out"

Compiling the CXX compiler identification source file "CMakeCXXCompilerId.cpp" succeeded.
Compiler: /lrz/sys/compilers/gcc/5.1.0/bin/g++ 
Build flags: -std=c++11
Id flags: 

The output was:
0


Compilation of the CXX compiler identification source "CMakeCXXCompilerId.cpp" produced "a.out"

The CXX compiler identification is GNU, found in "/home/ga78ced/student_project/build/CMakeFiles/3.2.3/CompilerIdCXX/a.out"

Determining if the C compiler works passed with the following output:
Change Dir: /home/ga78ced/student_project/build/CMakeFiles/CMakeTmp

Run Build Command:"/usr/bin/gmake" "cmTryCompileExec2869860155/fast"
/usr/bin/gmake -f CMakeFiles/cmTryCompileExec2869860155.dir/build.make CMakeFiles/cmTryCompileExec2869860155.dir/build
gmake[1]: Entering directory `/home/ga78ced/student_project/build/CMakeFiles/CMakeTmp'
/sw/cmake/3.2.3/bin/cmake -E cmake_progress_report /home/ga78ced/student_project/build/CMakeFiles/CMakeTmp/CMakeFiles 1
Building C object CMakeFiles/cmTryCompileExec2869860155.dir/testCCompiler.c.o
/lrz/sys/compilers/gcc/5.1.0/bin/gcc    -o CMakeFiles/cmTryCompileExec2869860155.dir/testCCompiler.c.o   -c /home/ga78ced/student_project/build/CMakeFiles/CMakeTmp/testCCompiler.c
Linking C executable cmTryCompileExec2869860155
/sw/cmake/3.2.3/bin/cmake -E cmake_link_script CMakeFiles/cmTryCompileExec2869860155.dir/link.txt --verbose=1
/lrz/sys/compilers/gcc/5.1.0/bin/gcc       CMakeFiles/cmTryCompileExec2869860155.dir/testCCompiler.c.o  -o cmTryCompileExec2869860155 -rdynamic 
gmake[1]: Leaving directory `/home/ga78ced/student_project/build/CMakeFiles/CMakeTmp'


Detecting C compiler ABI info compiled with the following output:
Change Dir: /home/ga78ced/student_project/build/CMakeFiles/CMakeTmp

Run Build Command:"/usr/bin/gmake" "cmTryCompileExec943914243/fast"
/usr/bin/gmake -f CMakeFiles/cmTryCompileExec943914243.dir/build.make CMakeFiles/cmTryCompileExec943914243.dir/build
gmake[1]: Entering directory `/home/ga78ced/student_project/build/CMakeFiles/CMakeTmp'
/sw/cmake/3.2.3/bin/cmake -E cmake_progress_report /home/ga78ced/student_project/build/CMakeFiles/CMakeTmp/CMakeFiles 1
Building C object CMakeFiles/cmTryCompileExec943914243.dir/CMakeCCompilerABI.c.o
/lrz/sys/compilers/gcc/5.1.0/bin/gcc    -o CMakeFiles/cmTryCompileExec943914243.dir/CMakeCCompilerABI.c.o   -c /sw/cmake/3.2.3/share/cmake-3.2/Modules/CMakeCCompilerABI.c
Linking C executable cmTryCompileExec943914243
/sw/cmake/3.2.3/bin/cmake -E cmake_link_script CMakeFiles/cmTryCompileExec943914243.dir/link.txt --verbose=1
/lrz/sys/compilers/gcc/5.1.0/bin/gcc      -v CMakeFiles/cmTryCompileExec943914243.dir/CMakeCCompilerABI.c.o  -o cmTryCompileExec943914243 -rdynamic  
Using built-in specs.
COLLECT_GCC=/lrz/sys/compilers/gcc/5.1.0/bin/gcc
COLLECT_LTO_WRAPPER=/lrz/mnt/sys.x86_64/compilers/gcc/5.1.0/bin/../libexec/gcc/x86_64-unknown-linux-gnu/5.1.0/lto-wrapper
Target: x86_64-unknown-linux-gnu
Configured with: ../configure --prefix=/lrz/sys/compilers/gcc/5.1.0 --enable-multilib --enable-languages=ada,c,c++,fortran,lto,java,go,objc,obj-c++
Thread model: posix
gcc version 5.1.0 (GCC) 
COMPILER_PATH=/lrz/mnt/sys.x86_64/compilers/gcc/5.1.0/bin/../libexec/gcc/x86_64-unknown-linux-gnu/5.1.0/:/lrz/mnt/sys.x86_64/compilers/gcc/5.1.0/bin/../libexec/gcc/
LIBRARY_PATH=/lrz/mnt/sys.x86_64/compilers/gcc/5.1.0/bin/../lib/gcc/x86_64-unknown-linux-gnu/5.1.0/:/lrz/mnt/sys.x86_64/compilers/gcc/5.1.0/bin/../lib/gcc/:/lrz/mnt/sys.x86_64/compilers/gcc/5.1.0/bin/../lib/gcc/x86_64-unknown-linux-gnu/5.1.0/../../../../lib64/:/lib/../lib64/:/usr/lib/../lib64/:/lrz/mnt/sys.x86_64/compilers/gcc/5.1.0/bin/../lib/gcc/x86_64-unknown-linux-gnu/5.1.0/../../../:/lib/:/usr/lib/
COLLECT_GCC_OPTIONS='-v' '-o' 'cmTryCompileExec943914243' '-rdynamic' '-mtune=generic' '-march=x86-64'
 /lrz/mnt/sys.x86_64/compilers/gcc/5.1.0/bin/../libexec/gcc/x86_64-unknown-linux-gnu/5.1.0/collect2 -plugin /lrz/mnt/sys.x86_64/compilers/gcc/5.1.0/bin/../libexec/gcc/x86_64-unknown-linux-gnu/5.1.0/liblto_plugin.so -plugin-opt=/lrz/mnt/sys.x86_64/compilers/gcc/5.1.0/bin/../libexec/gcc/x86_64-unknown-linux-gnu/5.1.0/lto-wrapper -plugin-opt=-fresolution=/tmp/ga78ced/ccLGwKNS.res -plugin-opt=-pass-through=-lgcc -plugin-opt=-pass-through=-lgcc_s -plugin-opt=-pass-through=-lc -plugin-opt=-pass-through=-lgcc -plugin-opt=-pass-through=-lgcc_s --eh-frame-hdr -m elf_x86_64 -export-dynamic -dynamic-linker /lib64/ld-linux-x86-64.so.2 -o cmTryCompileExec943914243 /usr/lib/../lib64/crt1.o /usr/lib/../lib64/crti.o /lrz/mnt/sys.x86_64/compilers/gcc/5.1.0/bin/../lib/gcc/x86_64-unknown-linux-gnu/5.1.0/crtbegin.o -L/lrz/mnt/sys.x86_64/compilers/gcc/5.1.0/bin/../lib/gcc/x86_64-unknown-linux-gnu/5.1.0 -L/lrz/mnt/sys.x86_64/compilers/gcc/5.1.0/bin/../lib/gcc -L/lrz/mnt/sys.x86_64/compilers/gcc/5.1.0/bin/../lib/gcc/x86_64-unknown-linux-gnu/5.1.0/../../../../lib64 -L/lib/../lib64 -L/usr/lib/../lib64 -L/lrz/mnt/sys.x86_64/compilers/gcc/5.1.0/bin/../lib/gcc/x86_64-unknown-linux-gnu/5.1.0/../../.. CMakeFiles/cmTryCompileExec943914243.dir/CMakeCCompilerABI.c.o -lgcc --as-needed -lgcc_s --no-as-needed -lc -lgcc --as-needed -lgcc_s --no-as-needed /lrz/mnt/sys.x86_64/compilers/gcc/5.1.0/bin/../lib/gcc/x86_64-unknown-linux-gnu/5.1.0/crtend.o /usr/lib/../lib64/crtn.o
gmake[1]: Leaving directory `/home/ga78ced/student_project/build/CMakeFiles/CMakeTmp'


Parsed C implicit link information from above output:
  link line regex: [^( *|.*[/\])(ld|([^/\]+-)?ld|collect2)[^/\]*( |$)]
  ignore line: [Change Dir: /home/ga78ced/student_project/build/CMakeFiles/CMakeTmp]
  ignore line: []
  ignore line: [Run Build Command:"/usr/bin/gmake" "cmTryCompileExec943914243/fast"]
  ignore line: [/usr/bin/gmake -f CMakeFiles/cmTryCompileExec943914243.dir/build.make CMakeFiles/cmTryCompileExec943914243.dir/build]
  ignore line: [gmake[1]: Entering directory `/home/ga78ced/student_project/build/CMakeFiles/CMakeTmp']
  ignore line: [/sw/cmake/3.2.3/bin/cmake -E cmake_progress_report /home/ga78ced/student_project/build/CMakeFiles/CMakeTmp/CMakeFiles 1]
  ignore line: [Building C object CMakeFiles/cmTryCompileExec943914243.dir/CMakeCCompilerABI.c.o]
  ignore line: [/lrz/sys/compilers/gcc/5.1.0/bin/gcc    -o CMakeFiles/cmTryCompileExec943914243.dir/CMakeCCompilerABI.c.o   -c /sw/cmake/3.2.3/share/cmake-3.2/Modules/CMakeCCompilerABI.c]
  ignore line: [Linking C executable cmTryCompileExec943914243]
  ignore line: [/sw/cmake/3.2.3/bin/cmake -E cmake_link_script CMakeFiles/cmTryCompileExec943914243.dir/link.txt --verbose=1]
  ignore line: [/lrz/sys/compilers/gcc/5.1.0/bin/gcc      -v CMakeFiles/cmTryCompileExec943914243.dir/CMakeCCompilerABI.c.o  -o cmTryCompileExec943914243 -rdynamic  ]
  ignore line: [Using built-in specs.]
  ignore line: [COLLECT_GCC=/lrz/sys/compilers/gcc/5.1.0/bin/gcc]
  ignore line: [COLLECT_LTO_WRAPPER=/lrz/mnt/sys.x86_64/compilers/gcc/5.1.0/bin/../libexec/gcc/x86_64-unknown-linux-gnu/5.1.0/lto-wrapper]
  ignore line: [Target: x86_64-unknown-linux-gnu]
  ignore line: [Configured with: ../configure --prefix=/lrz/sys/compilers/gcc/5.1.0 --enable-multilib --enable-languages=ada,c,c++,fortran,lto,java,go,objc,obj-c++]
  ignore line: [Thread model: posix]
  ignore line: [gcc version 5.1.0 (GCC) ]
  ignore line: [COMPILER_PATH=/lrz/mnt/sys.x86_64/compilers/gcc/5.1.0/bin/../libexec/gcc/x86_64-unknown-linux-gnu/5.1.0/:/lrz/mnt/sys.x86_64/compilers/gcc/5.1.0/bin/../libexec/gcc/]
  ignore line: [LIBRARY_PATH=/lrz/mnt/sys.x86_64/compilers/gcc/5.1.0/bin/../lib/gcc/x86_64-unknown-linux-gnu/5.1.0/:/lrz/mnt/sys.x86_64/compilers/gcc/5.1.0/bin/../lib/gcc/:/lrz/mnt/sys.x86_64/compilers/gcc/5.1.0/bin/../lib/gcc/x86_64-unknown-linux-gnu/5.1.0/../../../../lib64/:/lib/../lib64/:/usr/lib/../lib64/:/lrz/mnt/sys.x86_64/compilers/gcc/5.1.0/bin/../lib/gcc/x86_64-unknown-linux-gnu/5.1.0/../../../:/lib/:/usr/lib/]
  ignore line: [COLLECT_GCC_OPTIONS='-v' '-o' 'cmTryCompileExec943914243' '-rdynamic' '-mtune=generic' '-march=x86-64']
  link line: [ /lrz/mnt/sys.x86_64/compilers/gcc/5.1.0/bin/../libexec/gcc/x86_64-unknown-linux-gnu/5.1.0/collect2 -plugin /lrz/mnt/sys.x86_64/compilers/gcc/5.1.0/bin/../libexec/gcc/x86_64-unknown-linux-gnu/5.1.0/liblto_plugin.so -plugin-opt=/lrz/mnt/sys.x86_64/compilers/gcc/5.1.0/bin/../libexec/gcc/x86_64-unknown-linux-gnu/5.1.0/lto-wrapper -plugin-opt=-fresolution=/tmp/ga78ced/ccLGwKNS.res -plugin-opt=-pass-through=-lgcc -plugin-opt=-pass-through=-lgcc_s -plugin-opt=-pass-through=-lc -plugin-opt=-pass-through=-lgcc -plugin-opt=-pass-through=-lgcc_s --eh-frame-hdr -m elf_x86_64 -export-dynamic -dynamic-linker /lib64/ld-linux-x86-64.so.2 -o cmTryCompileExec943914243 /usr/lib/../lib64/crt1.o /usr/lib/../lib64/crti.o /lrz/mnt/sys.x86_64/compilers/gcc/5.1.0/bin/../lib/gcc/x86_64-unknown-linux-gnu/5.1.0/crtbegin.o -L/lrz/mnt/sys.x86_64/compilers/gcc/5.1.0/bin/../lib/gcc/x86_64-unknown-linux-gnu/5.1.0 -L/lrz/mnt/sys.x86_64/compilers/gcc/5.1.0/bin/../lib/gcc -L/lrz/mnt/sys.x86_64/compilers/gcc/5.1.0/bin/../lib/gcc/x86_64-unknown-linux-gnu/5.1.0/../../../../lib64 -L/lib/../lib64 -L/usr/lib/../lib64 -L/lrz/mnt/sys.x86_64/compilers/gcc/5.1.0/bin/../lib/gcc/x86_64-unknown-linux-gnu/5.1.0/../../.. CMakeFiles/cmTryCompileExec943914243.dir/CMakeCCompilerABI.c.o -lgcc --as-needed -lgcc_s --no-as-needed -lc -lgcc --as-needed -lgcc_s --no-as-needed /lrz/mnt/sys.x86_64/compilers/gcc/5.1.0/bin/../lib/gcc/x86_64-unknown-linux-gnu/5.1.0/crtend.o /usr/lib/../lib64/crtn.o]
    arg [/lrz/mnt/sys.x86_64/compilers/gcc/5.1.0/bin/../libexec/gcc/x86_64-unknown-linux-gnu/5.1.0/collect2] ==> ignore
    arg [-plugin] ==> ignore
    arg [/lrz/mnt/sys.x86_64/compilers/gcc/5.1.0/bin/../libexec/gcc/x86_64-unknown-linux-gnu/5.1.0/liblto_plugin.so] ==> ignore
    arg [-plugin-opt=/lrz/mnt/sys.x86_64/compilers/gcc/5.1.0/bin/../libexec/gcc/x86_64-unknown-linux-gnu/5.1.0/lto-wrapper] ==> ignore
    arg [-plugin-opt=-fresolution=/tmp/ga78ced/ccLGwKNS.res] ==> ignore
    arg [-plugin-opt=-pass-through=-lgcc] ==> ignore
    arg [-plugin-opt=-pass-through=-lgcc_s] ==> ignore
    arg [-plugin-opt=-pass-through=-lc] ==> ignore
    arg [-plugin-opt=-pass-through=-lgcc] ==> ignore
    arg [-plugin-opt=-pass-through=-lgcc_s] ==> ignore
    arg [--eh-frame-hdr] ==> ignore
    arg [-m] ==> ignore
    arg [elf_x86_64] ==> ignore
    arg [-export-dynamic] ==> ignore
    arg [-dynamic-linker] ==> ignore
    arg [/lib64/ld-linux-x86-64.so.2] ==> ignore
    arg [-o] ==> ignore
    arg [cmTryCompileExec943914243] ==> ignore
    arg [/usr/lib/../lib64/crt1.o] ==> ignore
    arg [/usr/lib/../lib64/crti.o] ==> ignore
    arg [/lrz/mnt/sys.x86_64/compilers/gcc/5.1.0/bin/../lib/gcc/x86_64-unknown-linux-gnu/5.1.0/crtbegin.o] ==> ignore
    arg [-L/lrz/mnt/sys.x86_64/compilers/gcc/5.1.0/bin/../lib/gcc/x86_64-unknown-linux-gnu/5.1.0] ==> dir [/lrz/mnt/sys.x86_64/compilers/gcc/5.1.0/bin/../lib/gcc/x86_64-unknown-linux-gnu/5.1.0]
    arg [-L/lrz/mnt/sys.x86_64/compilers/gcc/5.1.0/bin/../lib/gcc] ==> dir [/lrz/mnt/sys.x86_64/compilers/gcc/5.1.0/bin/../lib/gcc]
    arg [-L/lrz/mnt/sys.x86_64/compilers/gcc/5.1.0/bin/../lib/gcc/x86_64-unknown-linux-gnu/5.1.0/../../../../lib64] ==> dir [/lrz/mnt/sys.x86_64/compilers/gcc/5.1.0/bin/../lib/gcc/x86_64-unknown-linux-gnu/5.1.0/../../../../lib64]
    arg [-L/lib/../lib64] ==> dir [/lib/../lib64]
    arg [-L/usr/lib/../lib64] ==> dir [/usr/lib/../lib64]
    arg [-L/lrz/mnt/sys.x86_64/compilers/gcc/5.1.0/bin/../lib/gcc/x86_64-unknown-linux-gnu/5.1.0/../../..] ==> dir [/lrz/mnt/sys.x86_64/compilers/gcc/5.1.0/bin/../lib/gcc/x86_64-unknown-linux-gnu/5.1.0/../../..]
    arg [CMakeFiles/cmTryCompileExec943914243.dir/CMakeCCompilerABI.c.o] ==> ignore
    arg [-lgcc] ==> lib [gcc]
    arg [--as-needed] ==> ignore
    arg [-lgcc_s] ==> lib [gcc_s]
    arg [--no-as-needed] ==> ignore
    arg [-lc] ==> lib [c]
    arg [-lgcc] ==> lib [gcc]
    arg [--as-needed] ==> ignore
    arg [-lgcc_s] ==> lib [gcc_s]
    arg [--no-as-needed] ==> ignore
    arg [/lrz/mnt/sys.x86_64/compilers/gcc/5.1.0/bin/../lib/gcc/x86_64-unknown-linux-gnu/5.1.0/crtend.o] ==> ignore
    arg [/usr/lib/../lib64/crtn.o] ==> ignore
  remove lib [gcc]
  remove lib [gcc_s]
  remove lib [gcc]
  remove lib [gcc_s]
  collapse library dir [/lrz/mnt/sys.x86_64/compilers/gcc/5.1.0/bin/../lib/gcc/x86_64-unknown-linux-gnu/5.1.0] ==> [/lrz/mnt/sys.x86_64/compilers/gcc/5.1.0/lib/gcc/x86_64-unknown-linux-gnu/5.1.0]
  collapse library dir [/lrz/mnt/sys.x86_64/compilers/gcc/5.1.0/bin/../lib/gcc] ==> [/lrz/mnt/sys.x86_64/compilers/gcc/5.1.0/lib/gcc]
  collapse library dir [/lrz/mnt/sys.x86_64/compilers/gcc/5.1.0/bin/../lib/gcc/x86_64-unknown-linux-gnu/5.1.0/../../../../lib64] ==> [/lrz/mnt/sys.x86_64/compilers/gcc/5.1.0/lib64]
  collapse library dir [/lib/../lib64] ==> [/lib64]
  collapse library dir [/usr/lib/../lib64] ==> [/usr/lib64]
  collapse library dir [/lrz/mnt/sys.x86_64/compilers/gcc/5.1.0/bin/../lib/gcc/x86_64-unknown-linux-gnu/5.1.0/../../..] ==> [/lrz/mnt/sys.x86_64/compilers/gcc/5.1.0/lib]
  implicit libs: [c]
  implicit dirs: [/lrz/mnt/sys.x86_64/compilers/gcc/5.1.0/lib/gcc/x86_64-unknown-linux-gnu/5.1.0;/lrz/mnt/sys.x86_64/compilers/gcc/5.1.0/lib/gcc;/lrz/mnt/sys.x86_64/compilers/gcc/5.1.0/lib64;/lib64;/usr/lib64;/lrz/mnt/sys.x86_64/compilers/gcc/5.1.0/lib]
  implicit fwks: []




Detecting C [-std=c11] compiler features compiled with the following output:
Change Dir: /home/ga78ced/student_project/build/CMakeFiles/CMakeTmp

Run Build Command:"/usr/bin/gmake" "cmTryCompileExec3341868427/fast"
/usr/bin/gmake -f CMakeFiles/cmTryCompileExec3341868427.dir/build.make CMakeFiles/cmTryCompileExec3341868427.dir/build
gmake[1]: Entering directory `/home/ga78ced/student_project/build/CMakeFiles/CMakeTmp'
/sw/cmake/3.2.3/bin/cmake -E cmake_progress_report /home/ga78ced/student_project/build/CMakeFiles/CMakeTmp/CMakeFiles 1
Building C object CMakeFiles/cmTryCompileExec3341868427.dir/feature_tests.c.o
/lrz/sys/compilers/gcc/5.1.0/bin/gcc   -std=c11 -o CMakeFiles/cmTryCompileExec3341868427.dir/feature_tests.c.o   -c /home/ga78ced/student_project/build/CMakeFiles/feature_tests.c
Linking C executable cmTryCompileExec3341868427
/sw/cmake/3.2.3/bin/cmake -E cmake_link_script CMakeFiles/cmTryCompileExec3341868427.dir/link.txt --verbose=1
/lrz/sys/compilers/gcc/5.1.0/bin/gcc       CMakeFiles/cmTryCompileExec3341868427.dir/feature_tests.c.o  -o cmTryCompileExec3341868427 -rdynamic 
gmake[1]: Leaving directory `/home/ga78ced/student_project/build/CMakeFiles/CMakeTmp'


    Feature record: C_FEATURE:1c_function_prototypes
    Feature record: C_FEATURE:1c_restrict
    Feature record: C_FEATURE:1c_static_assert
    Feature record: C_FEATURE:1c_variadic_macros


Detecting C [-std=c99] compiler features compiled with the following output:
Change Dir: /home/ga78ced/student_project/build/CMakeFiles/CMakeTmp

Run Build Command:"/usr/bin/gmake" "cmTryCompileExec1711302173/fast"
/usr/bin/gmake -f CMakeFiles/cmTryCompileExec1711302173.dir/build.make CMakeFiles/cmTryCompileExec1711302173.dir/build
gmake[1]: Entering directory `/home/ga78ced/student_project/build/CMakeFiles/CMakeTmp'
/sw/cmake/3.2.3/bin/cmake -E cmake_progress_report /home/ga78ced/student_project/build/CMakeFiles/CMakeTmp/CMakeFiles 1
Building C object CMakeFiles/cmTryCompileExec1711302173.dir/feature_tests.c.o
/lrz/sys/compilers/gcc/5.1.0/bin/gcc   -std=c99 -o CMakeFiles/cmTryCompileExec1711302173.dir/feature_tests.c.o   -c /home/ga78ced/student_project/build/CMakeFiles/feature_tests.c
Linking C executable cmTryCompileExec1711302173
/sw/cmake/3.2.3/bin/cmake -E cmake_link_script CMakeFiles/cmTryCompileExec1711302173.dir/link.txt --verbose=1
/lrz/sys/compilers/gcc/5.1.0/bin/gcc       CMakeFiles/cmTryCompileExec1711302173.dir/feature_tests.c.o  -o cmTryCompileExec1711302173 -rdynamic 
gmake[1]: Leaving directory `/home/ga78ced/student_project/build/CMakeFiles/CMakeTmp'


    Feature record: C_FEATURE:1c_function_prototypes
    Feature record: C_FEATURE:1c_restrict
    Feature record: C_FEATURE:0c_static_assert
    Feature record: C_FEATURE:1c_variadic_macros


Detecting C [-std=c90] compiler features compiled with the following output:
Change Dir: /home/ga78ced/student_project/build/CMakeFiles/CMakeTmp

Run Build Command:"/usr/bin/gmake" "cmTryCompileExec306948076/fast"
/usr/bin/gmake -f CMakeFiles/cmTryCompileExec306948076.dir/build.make CMakeFiles/cmTryCompileExec306948076.dir/build
gmake[1]: Entering directory `/home/ga78ced/student_project/build/CMakeFiles/CMakeTmp'
/sw/cmake/3.2.3/bin/cmake -E cmake_progress_report /home/ga78ced/student_project/build/CMakeFiles/CMakeTmp/CMakeFiles 1
Building C object CMakeFiles/cmTryCompileExec306948076.dir/feature_tests.c.o
/lrz/sys/compilers/gcc/5.1.0/bin/gcc   -std=c90 -o CMakeFiles/cmTryCompileExec306948076.dir/feature_tests.c.o   -c /home/ga78ced/student_project/build/CMakeFiles/feature_tests.c
Linking C executable cmTryCompileExec306948076
/sw/cmake/3.2.3/bin/cmake -E cmake_link_script CMakeFiles/cmTryCompileExec306948076.dir/link.txt --verbose=1
/lrz/sys/compilers/gcc/5.1.0/bin/gcc       CMakeFiles/cmTryCompileExec306948076.dir/feature_tests.c.o  -o cmTryCompileExec306948076 -rdynamic 
gmake[1]: Leaving directory `/home/ga78ced/student_project/build/CMakeFiles/CMakeTmp'


    Feature record: C_FEATURE:1c_function_prototypes
    Feature record: C_FEATURE:0c_restrict
    Feature record: C_FEATURE:0c_static_assert
    Feature record: C_FEATURE:0c_variadic_macros
Determining if the CXX compiler works passed with the following output:
Change Dir: /home/ga78ced/student_project/build/CMakeFiles/CMakeTmp

Run Build Command:"/usr/bin/gmake" "cmTryCompileExec2905208281/fast"
/usr/bin/gmake -f CMakeFiles/cmTryCompileExec2905208281.dir/build.make CMakeFiles/cmTryCompileExec2905208281.dir/build
gmake[1]: Entering directory `/home/ga78ced/student_project/build/CMakeFiles/CMakeTmp'
/sw/cmake/3.2.3/bin/cmake -E cmake_progress_report /home/ga78ced/student_project/build/CMakeFiles/CMakeTmp/CMakeFiles 1
Building CXX object CMakeFiles/cmTryCompileExec2905208281.dir/testCXXCompiler.cxx.o
/lrz/sys/compilers/gcc/5.1.0/bin/g++    -std=c++11    -o CMakeFiles/cmTryCompileExec2905208281.dir/testCXXCompiler.cxx.o -c /home/ga78ced/student_project/build/CMakeFiles/CMakeTmp/testCXXCompiler.cxx
Linking CXX executable cmTryCompileExec2905208281
/sw/cmake/3.2.3/bin/cmake -E cmake_link_script CMakeFiles/cmTryCompileExec2905208281.dir/link.txt --verbose=1
/lrz/sys/compilers/gcc/5.1.0/bin/g++   -std=c++11     CMakeFiles/cmTryCompileExec2905208281.dir/testCXXCompiler.cxx.o  -o cmTryCompileExec2905208281 -rdynamic 
gmake[1]: Leaving directory `/home/ga78ced/student_project/build/CMakeFiles/CMakeTmp'


Detecting CXX compiler ABI info compiled with the following output:
Change Dir: /home/ga78ced/student_project/build/CMakeFiles/CMakeTmp

Run Build Command:"/usr/bin/gmake" "cmTryCompileExec2779850446/fast"
/usr/bin/gmake -f CMakeFiles/cmTryCompileExec2779850446.dir/build.make CMakeFiles/cmTryCompileExec2779850446.dir/build
gmake[1]: Entering directory `/home/ga78ced/student_project/build/CMakeFiles/CMakeTmp'
/sw/cmake/3.2.3/bin/cmake -E cmake_progress_report /home/ga78ced/student_project/build/CMakeFiles/CMakeTmp/CMakeFiles 1
Building CXX object CMakeFiles/cmTryCompileExec2779850446.dir/CMakeCXXCompilerABI.cpp.o
/lrz/sys/compilers/gcc/5.1.0/bin/g++    -std=c++11    -o CMakeFiles/cmTryCompileExec2779850446.dir/CMakeCXXCompilerABI.cpp.o -c /sw/cmake/3.2.3/share/cmake-3.2/Modules/CMakeCXXCompilerABI.cpp
Linking CXX executable cmTryCompileExec2779850446
/sw/cmake/3.2.3/bin/cmake -E cmake_link_script CMakeFiles/cmTryCompileExec2779850446.dir/link.txt --verbose=1
/lrz/sys/compilers/gcc/5.1.0/bin/g++   -std=c++11    -v CMakeFiles/cmTryCompileExec2779850446.dir/CMakeCXXCompilerABI.cpp.o  -o cmTryCompileExec2779850446 -rdynamic  
Using built-in specs.
COLLECT_GCC=/lrz/sys/compilers/gcc/5.1.0/bin/g++
COLLECT_LTO_WRAPPER=/lrz/mnt/sys.x86_64/compilers/gcc/5.1.0/bin/../libexec/gcc/x86_64-unknown-linux-gnu/5.1.0/lto-wrapper
Target: x86_64-unknown-linux-gnu
Configured with: ../configure --prefix=/lrz/sys/compilers/gcc/5.1.0 --enable-multilib --enable-languages=ada,c,c++,fortran,lto,java,go,objc,obj-c++
Thread model: posix
gcc version 5.1.0 (GCC) 
COMPILER_PATH=/lrz/mnt/sys.x86_64/compilers/gcc/5.1.0/bin/../libexec/gcc/x86_64-unknown-linux-gnu/5.1.0/:/lrz/mnt/sys.x86_64/compilers/gcc/5.1.0/bin/../libexec/gcc/
LIBRARY_PATH=/lrz/mnt/sys.x86_64/compilers/gcc/5.1.0/bin/../lib/gcc/x86_64-unknown-linux-gnu/5.1.0/:/lrz/mnt/sys.x86_64/compilers/gcc/5.1.0/bin/../lib/gcc/:/lrz/mnt/sys.x86_64/compilers/gcc/5.1.0/bin/../lib/gcc/x86_64-unknown-linux-gnu/5.1.0/../../../../lib64/:/lib/../lib64/:/usr/lib/../lib64/:/lrz/mnt/sys.x86_64/compilers/gcc/5.1.0/bin/../lib/gcc/x86_64-unknown-linux-gnu/5.1.0/../../../:/lib/:/usr/lib/
COLLECT_GCC_OPTIONS='-std=c++11' '-v' '-o' 'cmTryCompileExec2779850446' '-rdynamic' '-shared-libgcc' '-mtune=generic' '-march=x86-64'
 /lrz/mnt/sys.x86_64/compilers/gcc/5.1.0/bin/../libexec/gcc/x86_64-unknown-linux-gnu/5.1.0/collect2 -plugin /lrz/mnt/sys.x86_64/compilers/gcc/5.1.0/bin/../libexec/gcc/x86_64-unknown-linux-gnu/5.1.0/liblto_plugin.so -plugin-opt=/lrz/mnt/sys.x86_64/compilers/gcc/5.1.0/bin/../libexec/gcc/x86_64-unknown-linux-gnu/5.1.0/lto-wrapper -plugin-opt=-fresolution=/tmp/ga78ced/cczUh0Yd.res -plugin-opt=-pass-through=-lgcc_s -plugin-opt=-pass-through=-lgcc -plugin-opt=-pass-through=-lc -plugin-opt=-pass-through=-lgcc_s -plugin-opt=-pass-through=-lgcc --eh-frame-hdr -m elf_x86_64 -export-dynamic -dynamic-linker /lib64/ld-linux-x86-64.so.2 -o cmTryCompileExec2779850446 /usr/lib/../lib64/crt1.o /usr/lib/../lib64/crti.o /lrz/mnt/sys.x86_64/compilers/gcc/5.1.0/bin/../lib/gcc/x86_64-unknown-linux-gnu/5.1.0/crtbegin.o -L/lrz/mnt/sys.x86_64/compilers/gcc/5.1.0/bin/../lib/gcc/x86_64-unknown-linux-gnu/5.1.0 -L/lrz/mnt/sys.x86_64/compilers/gcc/5.1.0/bin/../lib/gcc -L/lrz/mnt/sys.x86_64/compilers/gcc/5.1.0/bin/../lib/gcc/x86_64-unknown-linux-gnu/5.1.0/../../../../lib64 -L/lib/../lib64 -L/usr/lib/../lib64 -L/lrz/mnt/sys.x86_64/compilers/gcc/5.1.0/bin/../lib/gcc/x86_64-unknown-linux-gnu/5.1.0/../../.. CMakeFiles/cmTryCompileExec2779850446.dir/CMakeCXXCompilerABI.cpp.o -lstdc++ -lm -lgcc_s -lgcc -lc -lgcc_s -lgcc /lrz/mnt/sys.x86_64/compilers/gcc/5.1.0/bin/../lib/gcc/x86_64-unknown-linux-gnu/5.1.0/crtend.o /usr/lib/../lib64/crtn.o
gmake[1]: Leaving directory `/home/ga78ced/student_project/build/CMakeFiles/CMakeTmp'


Parsed CXX implicit link information from above output:
  link line regex: [^( *|.*[/\])(ld|([^/\]+-)?ld|collect2)[^/\]*( |$)]
  ignore line: [Change Dir: /home/ga78ced/student_project/build/CMakeFiles/CMakeTmp]
  ignore line: []
  ignore line: [Run Build Command:"/usr/bin/gmake" "cmTryCompileExec2779850446/fast"]
  ignore line: [/usr/bin/gmake -f CMakeFiles/cmTryCompileExec2779850446.dir/build.make CMakeFiles/cmTryCompileExec2779850446.dir/build]
  ignore line: [gmake[1]: Entering directory `/home/ga78ced/student_project/build/CMakeFiles/CMakeTmp']
  ignore line: [/sw/cmake/3.2.3/bin/cmake -E cmake_progress_report /home/ga78ced/student_project/build/CMakeFiles/CMakeTmp/CMakeFiles 1]
  ignore line: [Building CXX object CMakeFiles/cmTryCompileExec2779850446.dir/CMakeCXXCompilerABI.cpp.o]
  ignore line: [/lrz/sys/compilers/gcc/5.1.0/bin/g++    -std=c++11    -o CMakeFiles/cmTryCompileExec2779850446.dir/CMakeCXXCompilerABI.cpp.o -c /sw/cmake/3.2.3/share/cmake-3.2/Modules/CMakeCXXCompilerABI.cpp]
  ignore line: [Linking CXX executable cmTryCompileExec2779850446]
  ignore line: [/sw/cmake/3.2.3/bin/cmake -E cmake_link_script CMakeFiles/cmTryCompileExec2779850446.dir/link.txt --verbose=1]
  ignore line: [/lrz/sys/compilers/gcc/5.1.0/bin/g++   -std=c++11    -v CMakeFiles/cmTryCompileExec2779850446.dir/CMakeCXXCompilerABI.cpp.o  -o cmTryCompileExec2779850446 -rdynamic  ]
  ignore line: [Using built-in specs.]
  ignore line: [COLLECT_GCC=/lrz/sys/compilers/gcc/5.1.0/bin/g++]
  ignore line: [COLLECT_LTO_WRAPPER=/lrz/mnt/sys.x86_64/compilers/gcc/5.1.0/bin/../libexec/gcc/x86_64-unknown-linux-gnu/5.1.0/lto-wrapper]
  ignore line: [Target: x86_64-unknown-linux-gnu]
  ignore line: [Configured with: ../configure --prefix=/lrz/sys/compilers/gcc/5.1.0 --enable-multilib --enable-languages=ada,c,c++,fortran,lto,java,go,objc,obj-c++]
  ignore line: [Thread model: posix]
  ignore line: [gcc version 5.1.0 (GCC) ]
  ignore line: [COMPILER_PATH=/lrz/mnt/sys.x86_64/compilers/gcc/5.1.0/bin/../libexec/gcc/x86_64-unknown-linux-gnu/5.1.0/:/lrz/mnt/sys.x86_64/compilers/gcc/5.1.0/bin/../libexec/gcc/]
  ignore line: [LIBRARY_PATH=/lrz/mnt/sys.x86_64/compilers/gcc/5.1.0/bin/../lib/gcc/x86_64-unknown-linux-gnu/5.1.0/:/lrz/mnt/sys.x86_64/compilers/gcc/5.1.0/bin/../lib/gcc/:/lrz/mnt/sys.x86_64/compilers/gcc/5.1.0/bin/../lib/gcc/x86_64-unknown-linux-gnu/5.1.0/../../../../lib64/:/lib/../lib64/:/usr/lib/../lib64/:/lrz/mnt/sys.x86_64/compilers/gcc/5.1.0/bin/../lib/gcc/x86_64-unknown-linux-gnu/5.1.0/../../../:/lib/:/usr/lib/]
  ignore line: [COLLECT_GCC_OPTIONS='-std=c++11' '-v' '-o' 'cmTryCompileExec2779850446' '-rdynamic' '-shared-libgcc' '-mtune=generic' '-march=x86-64']
  link line: [ /lrz/mnt/sys.x86_64/compilers/gcc/5.1.0/bin/../libexec/gcc/x86_64-unknown-linux-gnu/5.1.0/collect2 -plugin /lrz/mnt/sys.x86_64/compilers/gcc/5.1.0/bin/../libexec/gcc/x86_64-unknown-linux-gnu/5.1.0/liblto_plugin.so -plugin-opt=/lrz/mnt/sys.x86_64/compilers/gcc/5.1.0/bin/../libexec/gcc/x86_64-unknown-linux-gnu/5.1.0/lto-wrapper -plugin-opt=-fresolution=/tmp/ga78ced/cczUh0Yd.res -plugin-opt=-pass-through=-lgcc_s -plugin-opt=-pass-through=-lgcc -plugin-opt=-pass-through=-lc -plugin-opt=-pass-through=-lgcc_s -plugin-opt=-pass-through=-lgcc --eh-frame-hdr -m elf_x86_64 -export-dynamic -dynamic-linker /lib64/ld-linux-x86-64.so.2 -o cmTryCompileExec2779850446 /usr/lib/../lib64/crt1.o /usr/lib/../lib64/crti.o /lrz/mnt/sys.x86_64/compilers/gcc/5.1.0/bin/../lib/gcc/x86_64-unknown-linux-gnu/5.1.0/crtbegin.o -L/lrz/mnt/sys.x86_64/compilers/gcc/5.1.0/bin/../lib/gcc/x86_64-unknown-linux-gnu/5.1.0 -L/lrz/mnt/sys.x86_64/compilers/gcc/5.1.0/bin/../lib/gcc -L/lrz/mnt/sys.x86_64/compilers/gcc/5.1.0/bin/../lib/gcc/x86_64-unknown-linux-gnu/5.1.0/../../../../lib64 -L/lib/../lib64 -L/usr/lib/../lib64 -L/lrz/mnt/sys.x86_64/compilers/gcc/5.1.0/bin/../lib/gcc/x86_64-unknown-linux-gnu/5.1.0/../../.. CMakeFiles/cmTryCompileExec2779850446.dir/CMakeCXXCompilerABI.cpp.o -lstdc++ -lm -lgcc_s -lgcc -lc -lgcc_s -lgcc /lrz/mnt/sys.x86_64/compilers/gcc/5.1.0/bin/../lib/gcc/x86_64-unknown-linux-gnu/5.1.0/crtend.o /usr/lib/../lib64/crtn.o]
    arg [/lrz/mnt/sys.x86_64/compilers/gcc/5.1.0/bin/../libexec/gcc/x86_64-unknown-linux-gnu/5.1.0/collect2] ==> ignore
    arg [-plugin] ==> ignore
    arg [/lrz/mnt/sys.x86_64/compilers/gcc/5.1.0/bin/../libexec/gcc/x86_64-unknown-linux-gnu/5.1.0/liblto_plugin.so] ==> ignore
    arg [-plugin-opt=/lrz/mnt/sys.x86_64/compilers/gcc/5.1.0/bin/../libexec/gcc/x86_64-unknown-linux-gnu/5.1.0/lto-wrapper] ==> ignore
    arg [-plugin-opt=-fresolution=/tmp/ga78ced/cczUh0Yd.res] ==> ignore
    arg [-plugin-opt=-pass-through=-lgcc_s] ==> ignore
    arg [-plugin-opt=-pass-through=-lgcc] ==> ignore
    arg [-plugin-opt=-pass-through=-lc] ==> ignore
    arg [-plugin-opt=-pass-through=-lgcc_s] ==> ignore
    arg [-plugin-opt=-pass-through=-lgcc] ==> ignore
    arg [--eh-frame-hdr] ==> ignore
    arg [-m] ==> ignore
    arg [elf_x86_64] ==> ignore
    arg [-export-dynamic] ==> ignore
    arg [-dynamic-linker] ==> ignore
    arg [/lib64/ld-linux-x86-64.so.2] ==> ignore
    arg [-o] ==> ignore
    arg [cmTryCompileExec2779850446] ==> ignore
    arg [/usr/lib/../lib64/crt1.o] ==> ignore
    arg [/usr/lib/../lib64/crti.o] ==> ignore
    arg [/lrz/mnt/sys.x86_64/compilers/gcc/5.1.0/bin/../lib/gcc/x86_64-unknown-linux-gnu/5.1.0/crtbegin.o] ==> ignore
    arg [-L/lrz/mnt/sys.x86_64/compilers/gcc/5.1.0/bin/../lib/gcc/x86_64-unknown-linux-gnu/5.1.0] ==> dir [/lrz/mnt/sys.x86_64/compilers/gcc/5.1.0/bin/../lib/gcc/x86_64-unknown-linux-gnu/5.1.0]
    arg [-L/lrz/mnt/sys.x86_64/compilers/gcc/5.1.0/bin/../lib/gcc] ==> dir [/lrz/mnt/sys.x86_64/compilers/gcc/5.1.0/bin/../lib/gcc]
    arg [-L/lrz/mnt/sys.x86_64/compilers/gcc/5.1.0/bin/../lib/gcc/x86_64-unknown-linux-gnu/5.1.0/../../../../lib64] ==> dir [/lrz/mnt/sys.x86_64/compilers/gcc/5.1.0/bin/../lib/gcc/x86_64-unknown-linux-gnu/5.1.0/../../../../lib64]
    arg [-L/lib/../lib64] ==> dir [/lib/../lib64]
    arg [-L/usr/lib/../lib64] ==> dir [/usr/lib/../lib64]
    arg [-L/lrz/mnt/sys.x86_64/compilers/gcc/5.1.0/bin/../lib/gcc/x86_64-unknown-linux-gnu/5.1.0/../../..] ==> dir [/lrz/mnt/sys.x86_64/compilers/gcc/5.1.0/bin/../lib/gcc/x86_64-unknown-linux-gnu/5.1.0/../../..]
    arg [CMakeFiles/cmTryCompileExec2779850446.dir/CMakeCXXCompilerABI.cpp.o] ==> ignore
    arg [-lstdc++] ==> lib [stdc++]
    arg [-lm] ==> lib [m]
    arg [-lgcc_s] ==> lib [gcc_s]
    arg [-lgcc] ==> lib [gcc]
    arg [-lc] ==> lib [c]
    arg [-lgcc_s] ==> lib [gcc_s]
    arg [-lgcc] ==> lib [gcc]
    arg [/lrz/mnt/sys.x86_64/compilers/gcc/5.1.0/bin/../lib/gcc/x86_64-unknown-linux-gnu/5.1.0/crtend.o] ==> ignore
    arg [/usr/lib/../lib64/crtn.o] ==> ignore
  remove lib [gcc_s]
  remove lib [gcc]
  remove lib [gcc_s]
  remove lib [gcc]
  collapse library dir [/lrz/mnt/sys.x86_64/compilers/gcc/5.1.0/bin/../lib/gcc/x86_64-unknown-linux-gnu/5.1.0] ==> [/lrz/mnt/sys.x86_64/compilers/gcc/5.1.0/lib/gcc/x86_64-unknown-linux-gnu/5.1.0]
  collapse library dir [/lrz/mnt/sys.x86_64/compilers/gcc/5.1.0/bin/../lib/gcc] ==> [/lrz/mnt/sys.x86_64/compilers/gcc/5.1.0/lib/gcc]
  collapse library dir [/lrz/mnt/sys.x86_64/compilers/gcc/5.1.0/bin/../lib/gcc/x86_64-unknown-linux-gnu/5.1.0/../../../../lib64] ==> [/lrz/mnt/sys.x86_64/compilers/gcc/5.1.0/lib64]
  collapse library dir [/lib/../lib64] ==> [/lib64]
  collapse library dir [/usr/lib/../lib64] ==> [/usr/lib64]
  collapse library dir [/lrz/mnt/sys.x86_64/compilers/gcc/5.1.0/bin/../lib/gcc/x86_64-unknown-linux-gnu/5.1.0/../../..] ==> [/lrz/mnt/sys.x86_64/compilers/gcc/5.1.0/lib]
  implicit libs: [stdc++;m;c]
  implicit dirs: [/lrz/mnt/sys.x86_64/compilers/gcc/5.1.0/lib/gcc/x86_64-unknown-linux-gnu/5.1.0;/lrz/mnt/sys.x86_64/compilers/gcc/5.1.0/lib/gcc;/lrz/mnt/sys.x86_64/compilers/gcc/5.1.0/lib64;/lib64;/usr/lib64;/lrz/mnt/sys.x86_64/compilers/gcc/5.1.0/lib]
  implicit fwks: []




Detecting CXX [-std=c++14] compiler features compiled with the following output:
Change Dir: /home/ga78ced/student_project/build/CMakeFiles/CMakeTmp

Run Build Command:"/usr/bin/gmake" "cmTryCompileExec1314149839/fast"
/usr/bin/gmake -f CMakeFiles/cmTryCompileExec1314149839.dir/build.make CMakeFiles/cmTryCompileExec1314149839.dir/build
gmake[1]: Entering directory `/home/ga78ced/student_project/build/CMakeFiles/CMakeTmp'
/sw/cmake/3.2.3/bin/cmake -E cmake_progress_report /home/ga78ced/student_project/build/CMakeFiles/CMakeTmp/CMakeFiles 1
Building CXX object CMakeFiles/cmTryCompileExec1314149839.dir/feature_tests.cxx.o
/lrz/sys/compilers/gcc/5.1.0/bin/g++    -std=c++11    -std=c++14 -o CMakeFiles/cmTryCompileExec1314149839.dir/feature_tests.cxx.o -c /home/ga78ced/student_project/build/CMakeFiles/feature_tests.cxx
Linking CXX executable cmTryCompileExec1314149839
/sw/cmake/3.2.3/bin/cmake -E cmake_link_script CMakeFiles/cmTryCompileExec1314149839.dir/link.txt --verbose=1
/lrz/sys/compilers/gcc/5.1.0/bin/g++   -std=c++11     CMakeFiles/cmTryCompileExec1314149839.dir/feature_tests.cxx.o  -o cmTryCompileExec1314149839 -rdynamic 
gmake[1]: Leaving directory `/home/ga78ced/student_project/build/CMakeFiles/CMakeTmp'


    Feature record: CXX_FEATURE:1cxx_aggregate_default_initializers
    Feature record: CXX_FEATURE:1cxx_alias_templates
    Feature record: CXX_FEATURE:1cxx_alignas
    Feature record: CXX_FEATURE:1cxx_alignof
    Feature record: CXX_FEATURE:1cxx_attributes
    Feature record: CXX_FEATURE:1cxx_attribute_deprecated
    Feature record: CXX_FEATURE:1cxx_auto_type
    Feature record: CXX_FEATURE:1cxx_binary_literals
    Feature record: CXX_FEATURE:1cxx_constexpr
    Feature record: CXX_FEATURE:1cxx_contextual_conversions
    Feature record: CXX_FEATURE:1cxx_decltype
    Feature record: CXX_FEATURE:1cxx_decltype_auto
    Feature record: CXX_FEATURE:1cxx_decltype_incomplete_return_types
    Feature record: CXX_FEATURE:1cxx_default_function_template_args
    Feature record: CXX_FEATURE:1cxx_defaulted_functions
    Feature record: CXX_FEATURE:1cxx_defaulted_move_initializers
    Feature record: CXX_FEATURE:1cxx_delegating_constructors
    Feature record: CXX_FEATURE:1cxx_deleted_functions
    Feature record: CXX_FEATURE:1cxx_digit_separators
    Feature record: CXX_FEATURE:1cxx_enum_forward_declarations
    Feature record: CXX_FEATURE:1cxx_explicit_conversions
    Feature record: CXX_FEATURE:1cxx_extended_friend_declarations
    Feature record: CXX_FEATURE:1cxx_extern_templates
    Feature record: CXX_FEATURE:1cxx_final
    Feature record: CXX_FEATURE:1cxx_func_identifier
    Feature record: CXX_FEATURE:1cxx_generalized_initializers
    Feature record: CXX_FEATURE:1cxx_generic_lambdas
    Feature record: CXX_FEATURE:1cxx_inheriting_constructors
    Feature record: CXX_FEATURE:1cxx_inline_namespaces
    Feature record: CXX_FEATURE:1cxx_lambdas
    Feature record: CXX_FEATURE:1cxx_lambda_init_captures
    Feature record: CXX_FEATURE:1cxx_local_type_template_args
    Feature record: CXX_FEATURE:1cxx_long_long_type
    Feature record: CXX_FEATURE:1cxx_noexcept
    Feature record: CXX_FEATURE:1cxx_nonstatic_member_init
    Feature record: CXX_FEATURE:1cxx_nullptr
    Feature record: CXX_FEATURE:1cxx_override
    Feature record: CXX_FEATURE:1cxx_range_for
    Feature record: CXX_FEATURE:1cxx_raw_string_literals
    Feature record: CXX_FEATURE:1cxx_reference_qualified_functions
    Feature record: CXX_FEATURE:1cxx_relaxed_constexpr
    Feature record: CXX_FEATURE:1cxx_return_type_deduction
    Feature record: CXX_FEATURE:1cxx_right_angle_brackets
    Feature record: CXX_FEATURE:1cxx_rvalue_references
    Feature record: CXX_FEATURE:1cxx_sizeof_member
    Feature record: CXX_FEATURE:1cxx_static_assert
    Feature record: CXX_FEATURE:1cxx_strong_enums
    Feature record: CXX_FEATURE:1cxx_template_template_parameters
    Feature record: CXX_FEATURE:1cxx_thread_local
    Feature record: CXX_FEATURE:1cxx_trailing_return_types
    Feature record: CXX_FEATURE:1cxx_unicode_literals
    Feature record: CXX_FEATURE:1cxx_uniform_initialization
    Feature record: CXX_FEATURE:1cxx_unrestricted_unions
    Feature record: CXX_FEATURE:1cxx_user_literals
    Feature record: CXX_FEATURE:1cxx_variable_templates
    Feature record: CXX_FEATURE:1cxx_variadic_macros
    Feature record: CXX_FEATURE:1cxx_variadic_templates


Detecting CXX [-std=c++11] compiler features compiled with the following output:
Change Dir: /home/ga78ced/student_project/build/CMakeFiles/CMakeTmp

Run Build Command:"/usr/bin/gmake" "cmTryCompileExec4109695744/fast"
/usr/bin/gmake -f CMakeFiles/cmTryCompileExec4109695744.dir/build.make CMakeFiles/cmTryCompileExec4109695744.dir/build
gmake[1]: Entering directory `/home/ga78ced/student_project/build/CMakeFiles/CMakeTmp'
/sw/cmake/3.2.3/bin/cmake -E cmake_progress_report /home/ga78ced/student_project/build/CMakeFiles/CMakeTmp/CMakeFiles 1
Building CXX object CMakeFiles/cmTryCompileExec4109695744.dir/feature_tests.cxx.o
/lrz/sys/compilers/gcc/5.1.0/bin/g++    -std=c++11    -std=c++11 -o CMakeFiles/cmTryCompileExec4109695744.dir/feature_tests.cxx.o -c /home/ga78ced/student_project/build/CMakeFiles/feature_tests.cxx
Linking CXX executable cmTryCompileExec4109695744
/sw/cmake/3.2.3/bin/cmake -E cmake_link_script CMakeFiles/cmTryCompileExec4109695744.dir/link.txt --verbose=1
/lrz/sys/compilers/gcc/5.1.0/bin/g++   -std=c++11     CMakeFiles/cmTryCompileExec4109695744.dir/feature_tests.cxx.o  -o cmTryCompileExec4109695744 -rdynamic 
gmake[1]: Leaving directory `/home/ga78ced/student_project/build/CMakeFiles/CMakeTmp'


    Feature record: CXX_FEATURE:0cxx_aggregate_default_initializers
    Feature record: CXX_FEATURE:1cxx_alias_templates
    Feature record: CXX_FEATURE:1cxx_alignas
    Feature record: CXX_FEATURE:1cxx_alignof
    Feature record: CXX_FEATURE:1cxx_attributes
    Feature record: CXX_FEATURE:0cxx_attribute_deprecated
    Feature record: CXX_FEATURE:1cxx_auto_type
    Feature record: CXX_FEATURE:0cxx_binary_literals
    Feature record: CXX_FEATURE:1cxx_constexpr
    Feature record: CXX_FEATURE:0cxx_contextual_conversions
    Feature record: CXX_FEATURE:1cxx_decltype
    Feature record: CXX_FEATURE:0cxx_decltype_auto
    Feature record: CXX_FEATURE:1cxx_decltype_incomplete_return_types
    Feature record: CXX_FEATURE:1cxx_default_function_template_args
    Feature record: CXX_FEATURE:1cxx_defaulted_functions
    Feature record: CXX_FEATURE:1cxx_defaulted_move_initializers
    Feature record: CXX_FEATURE:1cxx_delegating_constructors
    Feature record: CXX_FEATURE:1cxx_deleted_functions
    Feature record: CXX_FEATURE:0cxx_digit_separators
    Feature record: CXX_FEATURE:1cxx_enum_forward_declarations
    Feature record: CXX_FEATURE:1cxx_explicit_conversions
    Feature record: CXX_FEATURE:1cxx_extended_friend_declarations
    Feature record: CXX_FEATURE:1cxx_extern_templates
    Feature record: CXX_FEATURE:1cxx_final
    Feature record: CXX_FEATURE:1cxx_func_identifier
    Feature record: CXX_FEATURE:1cxx_generalized_initializers
    Feature record: CXX_FEATURE:0cxx_generic_lambdas
    Feature record: CXX_FEATURE:1cxx_inheriting_constructors
    Feature record: CXX_FEATURE:1cxx_inline_namespaces
    Feature record: CXX_FEATURE:1cxx_lambdas
    Feature record: CXX_FEATURE:0cxx_lambda_init_captures
    Feature record: CXX_FEATURE:1cxx_local_type_template_args
    Feature record: CXX_FEATURE:1cxx_long_long_type
    Feature record: CXX_FEATURE:1cxx_noexcept
    Feature record: CXX_FEATURE:1cxx_nonstatic_member_init
    Feature record: CXX_FEATURE:1cxx_nullptr
    Feature record: CXX_FEATURE:1cxx_override
    Feature record: CXX_FEATURE:1cxx_range_for
    Feature record: CXX_FEATURE:1cxx_raw_string_literals
    Feature record: CXX_FEATURE:1cxx_reference_qualified_functions
    Feature record: CXX_FEATURE:0cxx_relaxed_constexpr
    Feature record: CXX_FEATURE:0cxx_return_type_deduction
    Feature record: CXX_FEATURE:1cxx_right_angle_brackets
    Feature record: CXX_FEATURE:1cxx_rvalue_references
    Feature record: CXX_FEATURE:1cxx_sizeof_member
    Feature record: CXX_FEATURE:1cxx_static_assert
    Feature record: CXX_FEATURE:1cxx_strong_enums
    Feature record: CXX_FEATURE:1cxx_template_template_parameters
    Feature record: CXX_FEATURE:1cxx_thread_local
    Feature record: CXX_FEATURE:1cxx_trailing_return_types
    Feature record: CXX_FEATURE:1cxx_unicode_literals
    Feature record: CXX_FEATURE:1cxx_uniform_initialization
    Feature record: CXX_FEATURE:1cxx_unrestricted_unions
    Feature record: CXX_FEATURE:1cxx_user_literals
    Feature record: CXX_FEATURE:0cxx_variable_templates
    Feature record: CXX_FEATURE:1cxx_variadic_macros
    Feature record: CXX_FEATURE:1cxx_variadic_templates


Detecting CXX [-std=c++98] compiler features compiled with the following output:
Change Dir: /home/ga78ced/student_project/build/CMakeFiles/CMakeTmp

Run Build Command:"/usr/bin/gmake" "cmTryCompileExec1776685513/fast"
/usr/bin/gmake -f CMakeFiles/cmTryCompileExec1776685513.dir/build.make CMakeFiles/cmTryCompileExec1776685513.dir/build
gmake[1]: Entering directory `/home/ga78ced/student_project/build/CMakeFiles/CMakeTmp'
/sw/cmake/3.2.3/bin/cmake -E cmake_progress_report /home/ga78ced/student_project/build/CMakeFiles/CMakeTmp/CMakeFiles 1
Building CXX object CMakeFiles/cmTryCompileExec1776685513.dir/feature_tests.cxx.o
/lrz/sys/compilers/gcc/5.1.0/bin/g++    -std=c++11    -std=c++98 -o CMakeFiles/cmTryCompileExec1776685513.dir/feature_tests.cxx.o -c /home/ga78ced/student_project/build/CMakeFiles/feature_tests.cxx
Linking CXX executable cmTryCompileExec1776685513
/sw/cmake/3.2.3/bin/cmake -E cmake_link_script CMakeFiles/cmTryCompileExec1776685513.dir/link.txt --verbose=1
/lrz/sys/compilers/gcc/5.1.0/bin/g++   -std=c++11     CMakeFiles/cmTryCompileExec1776685513.dir/feature_tests.cxx.o  -o cmTryCompileExec1776685513 -rdynamic 
gmake[1]: Leaving directory `/home/ga78ced/student_project/build/CMakeFiles/CMakeTmp'


    Feature record: CXX_FEATURE:0cxx_aggregate_default_initializers
    Feature record: CXX_FEATURE:0cxx_alias_templates
    Feature record: CXX_FEATURE:0cxx_alignas
    Feature record: CXX_FEATURE:0cxx_alignof
    Feature record: CXX_FEATURE:0cxx_attributes
    Feature record: CXX_FEATURE:0cxx_attribute_deprecated
    Feature record: CXX_FEATURE:0cxx_auto_type
    Feature record: CXX_FEATURE:0cxx_binary_literals
    Feature record: CXX_FEATURE:0cxx_constexpr
    Feature record: CXX_FEATURE:0cxx_contextual_conversions
    Feature record: CXX_FEATURE:0cxx_decltype
    Feature record: CXX_FEATURE:0cxx_decltype_auto
    Feature record: CXX_FEATURE:0cxx_decltype_incomplete_return_types
    Feature record: CXX_FEATURE:0cxx_default_function_template_args
    Feature record: CXX_FEATURE:0cxx_defaulted_functions
    Feature record: CXX_FEATURE:0cxx_defaulted_move_initializers
    Feature record: CXX_FEATURE:0cxx_delegating_constructors
    Feature record: CXX_FEATURE:0cxx_deleted_functions
    Feature record: CXX_FEATURE:0cxx_digit_separators
    Feature record: CXX_FEATURE:0cxx_enum_forward_declarations
    Feature record: CXX_FEATURE:0cxx_explicit_conversions
    Feature record: CXX_FEATURE:0cxx_extended_friend_declarations
    Feature record: CXX_FEATURE:0cxx_extern_templates
    Feature record: CXX_FEATURE:0cxx_final
    Feature record: CXX_FEATURE:0cxx_func_identifier
    Feature record: CXX_FEATURE:0cxx_generalized_initializers
    Feature record: CXX_FEATURE:0cxx_generic_lambdas
    Feature record: CXX_FEATURE:0cxx_inheriting_constructors
    Feature record: CXX_FEATURE:0cxx_inline_namespaces
    Feature record: CXX_FEATURE:0cxx_lambdas
    Feature record: CXX_FEATURE:0cxx_lambda_init_captures
    Feature record: CXX_FEATURE:0cxx_local_type_template_args
    Feature record: CXX_FEATURE:0cxx_long_long_type
    Feature record: CXX_FEATURE:0cxx_noexcept
    Feature record: CXX_FEATURE:0cxx_nonstatic_member_init
    Feature record: CXX_FEATURE:0cxx_nullptr
    Feature record: CXX_FEATURE:0cxx_override
    Feature record: CXX_FEATURE:0cxx_range_for
    Feature record: CXX_FEATURE:0cxx_raw_string_literals
    Feature record: CXX_FEATURE:0cxx_reference_qualified_functions
    Feature record: CXX_FEATURE:0cxx_relaxed_constexpr
    Feature record: CXX_FEATURE:0cxx_return_type_deduction
    Feature record: CXX_FEATURE:0cxx_right_angle_brackets
    Feature record: CXX_FEATURE:0cxx_rvalue_references
    Feature record: CXX_FEATURE:0cxx_sizeof_member
    Feature record: CXX_FEATURE:0cxx_static_assert
    Feature record: CXX_FEATURE:0cxx_strong_enums
    Feature record: CXX_FEATURE:1cxx_template_template_parameters
    Feature record: CXX_FEATURE:0cxx_thread_local
    Feature record: CXX_FEATURE:0cxx_trailing_return_types
    Feature record: CXX_FEATURE:0cxx_unicode_literals
    Feature record: CXX_FEATURE:0cxx_uniform_initialization
    Feature record: CXX_FEATURE:0cxx_unrestricted_unions
    Feature record: CXX_FEATURE:0cxx_user_literals
    Feature record: CXX_FEATURE:0cxx_variable_templates
    Feature record: CXX_FEATURE:0cxx_variadic_macros
    Feature record: CXX_FEATURE:0cxx_variadic_templates
